<?xml version="1.0" encoding="UTF-8"?>
<!-- Generated by org.testng.reporters.JUnitReportReporter -->
<testsuite skipped="0" hostname="PI-SGH340SYLW" name="androidscript.TestNGwithAndroid" tests="1" failures="0" timestamp="20 Jan 2020 03:32:00 GMT" time="38.802" errors="0">
  <testcase name="S4EriBank" time="38.802" classname="androidscript.TestNGwithAndroid"/>
</testsuite> <!-- androidscript.TestNGwithAndroid -->
