<?xml version="1.0" encoding="UTF-8"?>
<!-- Generated by org.testng.reporters.JUnitReportReporter -->
<testsuite skipped="0" hostname="PI-SGH340SYLW" name="androidscript.TestNGwithNote4" tests="1" failures="0" timestamp="20 Jan 2020 03:32:00 GMT" time="53.261" errors="0">
  <testcase name="Note4EriBank" time="53.261" classname="androidscript.TestNGwithNote4"/>
</testsuite> <!-- androidscript.TestNGwithNote4 -->
