<?xml version="1.0" encoding="UTF-8"?>
<!-- Generated by org.testng.reporters.JUnitReportReporter -->
<testsuite skipped="0" hostname="PI-SGH340SYLW" name="androidscript.TestNGwithChrome" tests="1" failures="0" timestamp="20 Jan 2020 03:32:00 GMT" time="6.868" errors="0">
  <testcase name="Test1" time="6.868" classname="androidscript.TestNGwithChrome"/>
</testsuite> <!-- androidscript.TestNGwithChrome -->
